Using pre-set license
Built from '2022.3/staging' branch; Version is '2022.3.19f1 (244b723c30a6) revision 2378610'; Using compiler version '192829333'; Build Type 'Release'
OS: 'Windows 11  (10.0.22631) 64bit CoreCountrySpecific' Language: 'zh' Physical Memory: 32432 MB
BatchMode: 1, IsHumanControllingUs: 0, StartBugReporterOnCrash: 0, Is64bit: 1, IsPro: 1

COMMAND LINE ARGUMENTS:
D:\creation\UnityEditor\2022.3.19f1\Editor\Unity.exe
-adb2
-batchMode
-noUpm
-name
AssetImportWorker0
-projectPath
C:/Users/jedip/Desktop/NYUSH/2024summer/w7/Immersal_v2_test/Immersal_v2_test1
-logFile
Logs/AssetImportWorker0.log
-srvPort
1470
Successfully changed project path to: C:/Users/jedip/Desktop/NYUSH/2024summer/w7/Immersal_v2_test/Immersal_v2_test1
C:/Users/jedip/Desktop/NYUSH/2024summer/w7/Immersal_v2_test/Immersal_v2_test1
[UnityMemory] Configuration Parameters - Can be set up in boot.config
    "memorysetup-bucket-allocator-granularity=16"
    "memorysetup-bucket-allocator-bucket-count=8"
    "memorysetup-bucket-allocator-block-size=33554432"
    "memorysetup-bucket-allocator-block-count=8"
    "memorysetup-main-allocator-block-size=16777216"
    "memorysetup-thread-allocator-block-size=16777216"
    "memorysetup-gfx-main-allocator-block-size=16777216"
    "memorysetup-gfx-thread-allocator-block-size=16777216"
    "memorysetup-cache-allocator-block-size=4194304"
    "memorysetup-typetree-allocator-block-size=2097152"
    "memorysetup-profiler-bucket-allocator-granularity=16"
    "memorysetup-profiler-bucket-allocator-bucket-count=8"
    "memorysetup-profiler-bucket-allocator-block-size=33554432"
    "memorysetup-profiler-bucket-allocator-block-count=8"
    "memorysetup-profiler-allocator-block-size=16777216"
    "memorysetup-profiler-editor-allocator-block-size=1048576"
    "memorysetup-temp-allocator-size-main=16777216"
    "memorysetup-job-temp-allocator-block-size=2097152"
    "memorysetup-job-temp-allocator-block-size-background=1048576"
    "memorysetup-job-temp-allocator-reduction-small-platforms=262144"
    "memorysetup-allocator-temp-initial-block-size-main=262144"
    "memorysetup-allocator-temp-initial-block-size-worker=262144"
    "memorysetup-temp-allocator-size-background-worker=32768"
    "memorysetup-temp-allocator-size-job-worker=262144"
    "memorysetup-temp-allocator-size-preload-manager=33554432"
    "memorysetup-temp-allocator-size-nav-mesh-worker=65536"
    "memorysetup-temp-allocator-size-audio-worker=65536"
    "memorysetup-temp-allocator-size-cloud-worker=32768"
    "memorysetup-temp-allocator-size-gi-baking-worker=262144"
    "memorysetup-temp-allocator-size-gfx=262144"
Player connection [5464] Host "[IP] 10.209.74.177 [Port] 0 [Flags] 2 [Guid] 3804167357 [EditorId] 3804167357 [Version] 1048832 [Id] WindowsEditor(7,WHRPC-G002) [Debug] 1 [PackageName] WindowsEditor [ProjectName] Editor" joined multi-casting on [225.0.0.222:54997]...

Player connection [5464] Host "[IP] 10.209.74.177 [Port] 0 [Flags] 2 [Guid] 3804167357 [EditorId] 3804167357 [Version] 1048832 [Id] WindowsEditor(7,WHRPC-G002) [Debug] 1 [PackageName] WindowsEditor [ProjectName] Editor" joined alternative multi-casting on [225.0.0.222:34997]...

[Physics::Module] Initialized MultithreadedJobDispatcher with 19 workers.
Refreshing native plugins compatible for Editor in 21.92 ms, found 12 plugins.
Preloading 1 native plugins for Editor in 2.79 ms.
Initialize engine version: 2022.3.19f1 (244b723c30a6)
[Subsystems] Discovering subsystems at path D:/creation/UnityEditor/2022.3.19f1/Editor/Data/Resources/UnitySubsystems
[Subsystems] Discovering subsystems at path C:/Users/jedip/Desktop/NYUSH/2024summer/w7/Immersal_v2_test/Immersal_v2_test1/Assets
GfxDevice: creating device client; threaded=0; jobified=0
Direct3D:
    Version:  Direct3D 11.0 [level 11.1]
    Renderer: NVIDIA GeForce RTX 3070 Ti Laptop GPU (ID=0x24a0)
    Vendor:   NVIDIA
    VRAM:     8032 MB
    Driver:   31.0.15.4680
Initialize mono
Mono path[0] = 'D:/creation/UnityEditor/2022.3.19f1/Editor/Data/Managed'
Mono path[1] = 'D:/creation/UnityEditor/2022.3.19f1/Editor/Data/MonoBleedingEdge/lib/mono/unityjit-win32'
Mono config path = 'D:/creation/UnityEditor/2022.3.19f1/Editor/Data/MonoBleedingEdge/etc'
Using monoOptions --debugger-agent=transport=dt_socket,embedding=1,server=y,suspend=n,address=127.0.0.1:56992
Begin MonoManager ReloadAssembly
Registering precompiled unity dll's ...
Register platform support module: D:/creation/UnityEditor/2022.3.19f1/Editor/Data/PlaybackEngines/AndroidPlayer/UnityEditor.Android.Extensions.dll
Register platform support module: D:/creation/UnityEditor/2022.3.19f1/Editor/Data/PlaybackEngines/WindowsStandaloneSupport/UnityEditor.WindowsStandalone.Extensions.dll
Registered in 0.005292 seconds.
- Loaded All Assemblies, in  0.478 seconds
Native extension for WindowsStandalone target not found
Native extension for Android target not found
Android Extension - Scanning For ADB Devices 307 ms
Mono: successfully reloaded assembly
- Finished resetting the current domain, in  0.599 seconds
Domain Reload Profiling: 1076ms
	BeginReloadAssembly (177ms)
		ExecutionOrderSort (0ms)
		DisableScriptedObjects (0ms)
		BackupInstance (0ms)
		ReleaseScriptingObjects (0ms)
		CreateAndSetChildDomain (1ms)
	RebuildCommonClasses (34ms)
	RebuildNativeTypeToScriptingClass (10ms)
	initialDomainReloadingComplete (59ms)
	LoadAllAssembliesAndSetupDomain (197ms)
		LoadAssemblies (179ms)
		RebuildTransferFunctionScriptingTraits (0ms)
		AnalyzeDomain (192ms)
			TypeCache.Refresh (190ms)
				TypeCache.ScanAssembly (172ms)
			ScanForSourceGeneratedMonoScriptInfo (1ms)
			ResolveRequiredComponents (1ms)
	FinalizeReload (599ms)
		ReleaseScriptCaches (0ms)
		RebuildScriptCaches (0ms)
		SetupLoadedEditorAssemblies (547ms)
			LogAssemblyErrors (0ms)
			InitializePlatformSupportModulesInManaged (395ms)
			SetLoadedEditorAssemblies (3ms)
			RefreshPlugins (0ms)
			BeforeProcessingInitializeOnLoad (2ms)
			ProcessInitializeOnLoadAttributes (106ms)
			ProcessInitializeOnLoadMethodAttributes (40ms)
			AfterProcessingInitializeOnLoad (0ms)
			EditorAssembliesLoaded (0ms)
		ExecutionOrderSort2 (0ms)
		AwakeInstancesAfterBackupRestoration (0ms)
========================================================================
Worker process is ready to serve import requests
Begin MonoManager ReloadAssembly
- Loaded All Assemblies, in  1.065 seconds
Refreshing native plugins compatible for Editor in 16.03 ms, found 12 plugins.
Native extension for WindowsStandalone target not found
Native extension for Android target not found
Package Manager log level set to [2]
[Package Manager] Server::EnsureServerProcessIsRunning -- launch failed, reason: Unity was launched with the -noUpm command-line argument
[Package Manager] UpmClient::Send -- Unable to send message (not connected to UPM process).
[Package Manager] Cannot connect to Unity Package Manager local server
[Package Manager] Server::EnsureServerProcessIsRunning -- launch failed, reason: Unity was launched with the -noUpm command-line argument
[Package Manager] UpmClient::Send -- Unable to send message (not connected to UPM process).
[Package Manager] Cannot connect to Unity Package Manager local server
Mono: successfully reloaded assembly
[Package Manager] Server::EnsureServerProcessIsRunning -- launch failed, reason: Unity was launched with the -noUpm command-line argument
[Package Manager] UpmClient::Send -- Unable to send message (not connected to UPM process).
[Package Manager] Cannot connect to Unity Package Manager local server
[Package Manager] Server::EnsureServerProcessIsRunning -- launch failed, reason: Unity was launched with the -noUpm command-line argument
[Package Manager] UpmClient::Send -- Unable to send message (not connected to UPM process).
[Package Manager] Cannot connect to Unity Package Manager local server
- Finished resetting the current domain, in  0.635 seconds
Domain Reload Profiling: 1697ms
	BeginReloadAssembly (139ms)
		ExecutionOrderSort (0ms)
		DisableScriptedObjects (4ms)
		BackupInstance (0ms)
		ReleaseScriptingObjects (0ms)
		CreateAndSetChildDomain (18ms)
	RebuildCommonClasses (32ms)
	RebuildNativeTypeToScriptingClass (9ms)
	initialDomainReloadingComplete (35ms)
	LoadAllAssembliesAndSetupDomain (846ms)
		LoadAssemblies (491ms)
		RebuildTransferFunctionScriptingTraits (0ms)
		AnalyzeDomain (439ms)
			TypeCache.Refresh (374ms)
				TypeCache.ScanAssembly (348ms)
			ScanForSourceGeneratedMonoScriptInfo (49ms)
			ResolveRequiredComponents (15ms)
	FinalizeReload (635ms)
		ReleaseScriptCaches (0ms)
		RebuildScriptCaches (0ms)
		SetupLoadedEditorAssemblies (484ms)
			LogAssemblyErrors (0ms)
			InitializePlatformSupportModulesInManaged (17ms)
			SetLoadedEditorAssemblies (5ms)
			RefreshPlugins (0ms)
			BeforeProcessingInitializeOnLoad (81ms)
			ProcessInitializeOnLoadAttributes (302ms)
			ProcessInitializeOnLoadMethodAttributes (75ms)
			AfterProcessingInitializeOnLoad (4ms)
			EditorAssembliesLoaded (0ms)
		ExecutionOrderSort2 (0ms)
		AwakeInstancesAfterBackupRestoration (6ms)
Launched and connected shader compiler UnityShaderCompiler.exe after 0.08 seconds
Refreshing native plugins compatible for Editor in 18.04 ms, found 12 plugins.
Preloading 1 native plugins for Editor in 0.06 ms.
Unloading 6655 Unused Serialized files (Serialized files now loaded: 0)
Unloading 136 unused Assets / (1.6 MB). Loaded Objects now: 7096.
Memory consumption went from 259.5 MB to 257.9 MB.
Total: 4.406800 ms (FindLiveObjects: 0.368000 ms CreateObjectMapping: 0.205300 ms MarkObjects: 3.171900 ms  DeleteObjects: 0.660800 ms)

AssetImportParameters requested are different than current active one (requested -> active):
  custom:container-demuxer-ogg: 62fdf1f143b41e24485cea50d1cbac27 -> 
  custom:framework-win-MediaFoundation: 216162199b28c13a410421893ffa2e32 -> 
  custom:container-muxer-webm: aa71ff27fc2769a1b78a27578f13a17b -> 
  custom:video-decoder-webm-vp8: 9c59270c3fd7afecdb556c50c9e8de78 -> 
  custom:SearchIndexIgnoredProperties: e643bd26f0fe6173181afceb89e7c659 -> 
  custom:AudioImporter_EditorPlatform: d09bf68614088b80899f8185d706f6e7 -> 
  custom:audio-decoder-ogg-vorbis: bf7c407c2cedff20999df2af8eb42d56 -> 
  custom:audio-encoder-webm-vorbis: bf7c407c2cedff20999df2af8eb42d56 -> 
  custom:video-codec-MediaFoundation-h265: 746d11721c4dcdbdad8f713fa42b33f4 -> 
  custom:video-decoder-ogg-theora: a1e56fd34408186e4bbccfd4996cb3dc -> 
  custom:CustomObjectIndexerAttribute: 62b5816608c3102f162a1797e29626cf -> 
  custom:container-demuxer-webm: 4f35f7cbe854078d1ac9338744f61a02 -> 
  custom:video-encoder-webm-vp8: eb34c28f22e8b96e1ab97ce403110664 -> 
========================================================================
Received Import Request.
  Time since last request: 480.224192 seconds.
  path: Assets/Dot_maps/NYUSH_campus_courtyard
  artifactKey: Guid(89503e996ead2ec4aaf747f6cd27caba) Importer(815301076,1909f56bfc062723c751e8b465ee728b)
Start importing Assets/Dot_maps/NYUSH_campus_courtyard using Guid(89503e996ead2ec4aaf747f6cd27caba) Importer(815301076,1909f56bfc062723c751e8b465ee728b)  -> (artifact id: '5df7c341a3db8285d2f9ded0a8c02702') in 0.002183 seconds
Number of updated asset objects reloaded before import = 0
Number of asset objects unloaded after import = 0
========================================================================
Received Import Request.
  Time since last request: 58.511654 seconds.
  path: Packages/com.immersal.core/Editor
  artifactKey: Guid(f441e4b77db3b4f9ba98e2ae40142506) Importer(815301076,1909f56bfc062723c751e8b465ee728b)
Start importing Packages/com.immersal.core/Editor using Guid(f441e4b77db3b4f9ba98e2ae40142506) Importer(815301076,1909f56bfc062723c751e8b465ee728b)  -> (artifact id: '08177e4ae0023ff9cbc9927d5c4e311b') in 0.000523 seconds
Number of updated asset objects reloaded before import = 0
Number of asset objects unloaded after import = 0
========================================================================
Received Import Request.
  Time since last request: 2.747812 seconds.
  path: Packages/com.immersal.core/Runtime
  artifactKey: Guid(666ab8dba47f544338191598ba6454f2) Importer(815301076,1909f56bfc062723c751e8b465ee728b)
Start importing Packages/com.immersal.core/Runtime using Guid(666ab8dba47f544338191598ba6454f2) Importer(815301076,1909f56bfc062723c751e8b465ee728b)  -> (artifact id: 'c75c8475d5359789d91f43a7344d0242') in 0.000469 seconds
Number of updated asset objects reloaded before import = 0
Number of asset objects unloaded after import = 0
========================================================================
Received Import Request.
  Time since last request: 1.742112 seconds.
  path: Packages/com.immersal.core/Runtime/Resources
  artifactKey: Guid(73c6a3909744c47c1a172adf16bfb53e) Importer(815301076,1909f56bfc062723c751e8b465ee728b)
Start importing Packages/com.immersal.core/Runtime/Resources using Guid(73c6a3909744c47c1a172adf16bfb53e) Importer(815301076,1909f56bfc062723c751e8b465ee728b)  -> (artifact id: 'a0d8b31e3a702042a0de6f8aa1de37fd') in 0.000457 seconds
Number of updated asset objects reloaded before import = 0
Number of asset objects unloaded after import = 0
========================================================================
Received Import Request.
  Time since last request: 1.212882 seconds.
  path: Packages/com.immersal.core/Runtime/Resources/Prefabs
  artifactKey: Guid(2aad495dd66e94cf0b2f8e6aa0e76ad2) Importer(815301076,1909f56bfc062723c751e8b465ee728b)
Start importing Packages/com.immersal.core/Runtime/Resources/Prefabs using Guid(2aad495dd66e94cf0b2f8e6aa0e76ad2) Importer(815301076,1909f56bfc062723c751e8b465ee728b)  -> (artifact id: 'fc1666e844c73928be89937b49abe0f0') in 0.000462 seconds
Number of updated asset objects reloaded before import = 0
Number of asset objects unloaded after import = 0
========================================================================
Received Import Request.
  Time since last request: 1.184109 seconds.
  path: Packages/com.immersal.core/Runtime/Resources/Prefabs/ImmersalSDK.prefab
  artifactKey: Guid(2c6deb7afc7d34561941b1429c48ffaf) Importer(815301076,1909f56bfc062723c751e8b465ee728b)
Start importing Packages/com.immersal.core/Runtime/Resources/Prefabs/ImmersalSDK.prefab using Guid(2c6deb7afc7d34561941b1429c48ffaf) Importer(815301076,1909f56bfc062723c751e8b465ee728b)  -> (artifact id: '9a609fcb4ce8e022948d1b127d0e6116') in 0.022992 seconds
Number of updated asset objects reloaded before import = 0
Number of asset objects unloaded after import = 26
========================================================================
Received Import Request.
  Time since last request: 6.403752 seconds.
  path: Packages/com.immersal.core/Runtime/Scripts
  artifactKey: Guid(387bc195dff33405dbe9c8cc3b051912) Importer(815301076,1909f56bfc062723c751e8b465ee728b)
Start importing Packages/com.immersal.core/Runtime/Scripts using Guid(387bc195dff33405dbe9c8cc3b051912) Importer(815301076,1909f56bfc062723c751e8b465ee728b)  -> (artifact id: '8947e6b4f131996da5b37a44eb1cb8b7') in 0.001741 seconds
Number of updated asset objects reloaded before import = 0
Number of asset objects unloaded after import = 0
========================================================================
Received Import Request.
  Time since last request: 5.548851 seconds.
  path: Packages/com.immersal.core/Runtime/Resources/Shaders
  artifactKey: Guid(18ff1b8c4a5924d558858261f7c27693) Importer(815301076,1909f56bfc062723c751e8b465ee728b)
Start importing Packages/com.immersal.core/Runtime/Resources/Shaders using Guid(18ff1b8c4a5924d558858261f7c27693) Importer(815301076,1909f56bfc062723c751e8b465ee728b)  -> (artifact id: 'ea4a1b6a660a25cf8898ee142c64299d') in 0.000505 seconds
Number of updated asset objects reloaded before import = 0
Number of asset objects unloaded after import = 0
========================================================================
Received Import Request.
  Time since last request: 14.825283 seconds.
  path: Assets/Samples/Immersal SDK/2.0.2/Core Samples/Prefabs
  artifactKey: Guid(ed881eea2b5be4afcaa53da11876cc13) Importer(815301076,1909f56bfc062723c751e8b465ee728b)
Start importing Assets/Samples/Immersal SDK/2.0.2/Core Samples/Prefabs using Guid(ed881eea2b5be4afcaa53da11876cc13) Importer(815301076,1909f56bfc062723c751e8b465ee728b)  -> (artifact id: '8a024519cd6a003c19a80822293e6635') in 0.001660 seconds
Number of updated asset objects reloaded before import = 0
Number of asset objects unloaded after import = 0
========================================================================
Received Import Request.
  Time since last request: 2.309054 seconds.
  path: Assets/Samples/Immersal SDK/2.0.2/Core Samples/Prefabs/Navigation
  artifactKey: Guid(0ce532c6996864878a05001a7c8f247d) Importer(815301076,1909f56bfc062723c751e8b465ee728b)
Start importing Assets/Samples/Immersal SDK/2.0.2/Core Samples/Prefabs/Navigation using Guid(0ce532c6996864878a05001a7c8f247d) Importer(815301076,1909f56bfc062723c751e8b465ee728b)  -> (artifact id: '59cf7640f7786802934602d96813d5d2') in 0.000440 seconds
Number of updated asset objects reloaded before import = 0
Number of asset objects unloaded after import = 0
========================================================================
Received Import Request.
  Time since last request: 3.148651 seconds.
  path: Assets/Samples/Immersal SDK/2.0.2/Core Samples/Prefabs/Content Placement
  artifactKey: Guid(9419435ac0a9ee849af1a958b8cfa5a1) Importer(815301076,1909f56bfc062723c751e8b465ee728b)
Start importing Assets/Samples/Immersal SDK/2.0.2/Core Samples/Prefabs/Content Placement using Guid(9419435ac0a9ee849af1a958b8cfa5a1) Importer(815301076,1909f56bfc062723c751e8b465ee728b)  -> (artifact id: '50df231d5e9b909618cf6d37c3e6533f') in 0.001909 seconds
Number of updated asset objects reloaded before import = 0
Number of asset objects unloaded after import = 0
========================================================================
Received Import Request.
  Time since last request: 2.608572 seconds.
  path: Assets/Samples/Immersal SDK/2.0.2/Core Samples/Prefabs/Util
  artifactKey: Guid(8714e7876896b2a489847b3ddf5f262b) Importer(815301076,1909f56bfc062723c751e8b465ee728b)
Start importing Assets/Samples/Immersal SDK/2.0.2/Core Samples/Prefabs/Util using Guid(8714e7876896b2a489847b3ddf5f262b) Importer(815301076,1909f56bfc062723c751e8b465ee728b)  -> (artifact id: '619f616f9f1e536f0317687fc8ee866c') in 0.000464 seconds
Number of updated asset objects reloaded before import = 0
Number of asset objects unloaded after import = 0
========================================================================
Received Import Request.
  Time since last request: 18.806952 seconds.
  path: Assets/Plugins
  artifactKey: Guid(1049eb036ea4b8941a460e927bea4b60) Importer(815301076,1909f56bfc062723c751e8b465ee728b)
Start importing Assets/Plugins using Guid(1049eb036ea4b8941a460e927bea4b60) Importer(815301076,1909f56bfc062723c751e8b465ee728b)  -> (artifact id: 'fb2fc7b282498517708eefc8abaedc9c') in 0.000441 seconds
Number of updated asset objects reloaded before import = 0
Number of asset objects unloaded after import = 0
========================================================================
Received Import Request.
  Time since last request: 3.919628 seconds.
  path: Assets/TextMesh Pro
  artifactKey: Guid(f54d1bd14bd3ca042bd867b519fee8cc) Importer(815301076,1909f56bfc062723c751e8b465ee728b)
Start importing Assets/TextMesh Pro using Guid(f54d1bd14bd3ca042bd867b519fee8cc) Importer(815301076,1909f56bfc062723c751e8b465ee728b)  -> (artifact id: '30796653c4dfc1f2480bca9d8b60487c') in 0.000513 seconds
Number of updated asset objects reloaded before import = 0
Number of asset objects unloaded after import = 0
========================================================================
Received Import Request.
  Time since last request: 2.932317 seconds.
  path: Assets/XR
  artifactKey: Guid(7a9ac4b43326ac54c929edef0b9c02ae) Importer(815301076,1909f56bfc062723c751e8b465ee728b)
Start importing Assets/XR using Guid(7a9ac4b43326ac54c929edef0b9c02ae) Importer(815301076,1909f56bfc062723c751e8b465ee728b)  -> (artifact id: '7f294ce482a525f53aed4959cf50933c') in 0.000453 seconds
Number of updated asset objects reloaded before import = 0
Number of asset objects unloaded after import = 0
========================================================================
Received Import Request.
  Time since last request: 1.532608 seconds.
  path: Assets/XR/Resources
  artifactKey: Guid(ff86b5b2821901b45ab2fc9140dc647c) Importer(815301076,1909f56bfc062723c751e8b465ee728b)
Start importing Assets/XR/Resources using Guid(ff86b5b2821901b45ab2fc9140dc647c) Importer(815301076,1909f56bfc062723c751e8b465ee728b)  -> (artifact id: '1218e0de84eef573154ef78ccfed0edb') in 0.000424 seconds
Number of updated asset objects reloaded before import = 0
Number of asset objects unloaded after import = 0
========================================================================
Received Import Request.
  Time since last request: 13.584410 seconds.
  path: Assets/Samples/Immersal SDK/2.0.2/Core Samples/Map Data
  artifactKey: Guid(a3b9a724766f8419196e36ff7a2a47ed) Importer(815301076,1909f56bfc062723c751e8b465ee728b)
Start importing Assets/Samples/Immersal SDK/2.0.2/Core Samples/Map Data using Guid(a3b9a724766f8419196e36ff7a2a47ed) Importer(815301076,1909f56bfc062723c751e8b465ee728b)  -> (artifact id: '1feaca5a75aa61585bec6a0964ed2f31') in 0.003190 seconds
Number of updated asset objects reloaded before import = 0
Number of asset objects unloaded after import = 0
========================================================================
Received Import Request.
  Time since last request: 9.668165 seconds.
  path: Assets/Samples/Immersal SDK/2.0.2/Core Samples/Prefabs/Content Placement/Content Placement UI.prefab
  artifactKey: Guid(35f0455c806a3ea46a135cce86ca3251) Importer(815301076,1909f56bfc062723c751e8b465ee728b)
Start importing Assets/Samples/Immersal SDK/2.0.2/Core Samples/Prefabs/Content Placement/Content Placement UI.prefab using Guid(35f0455c806a3ea46a135cce86ca3251) Importer(815301076,1909f56bfc062723c751e8b465ee728b)  -> (artifact id: 'b11530dc7e107d934e8af664b0b55e97') in 0.015087 seconds
Number of updated asset objects reloaded before import = 0
Number of asset objects unloaded after import = 63
========================================================================
Received Import Request.
  Time since last request: 0.457543 seconds.
  path: Assets/Samples/Immersal SDK/2.0.2/Core Samples/Prefabs/Content Placement/AR Diamond.prefab
  artifactKey: Guid(9f3a62c3a64e96a4aa6c44ff209648d4) Importer(815301076,1909f56bfc062723c751e8b465ee728b)
Start importing Assets/Samples/Immersal SDK/2.0.2/Core Samples/Prefabs/Content Placement/AR Diamond.prefab using Guid(9f3a62c3a64e96a4aa6c44ff209648d4) Importer(815301076,1909f56bfc062723c751e8b465ee728b)  -> (artifact id: '18068b53e787d03573943970a6c3dee7') in 0.283182 seconds
Number of updated asset objects reloaded before import = 0
Number of asset objects unloaded after import = 36
========================================================================
Received Import Request.
  Time since last request: 4.010645 seconds.
  path: Assets/Samples/Immersal SDK/2.0.2/Core Samples/Prefabs/Navigation/Navigation Target Button.prefab
  artifactKey: Guid(5fc004a3707f2f2468ae109dce11dde5) Importer(815301076,1909f56bfc062723c751e8b465ee728b)
Start importing Assets/Samples/Immersal SDK/2.0.2/Core Samples/Prefabs/Navigation/Navigation Target Button.prefab using Guid(5fc004a3707f2f2468ae109dce11dde5) Importer(815301076,1909f56bfc062723c751e8b465ee728b)  -> (artifact id: '2a0b9ad89f1928325ee96a424225906d') in 0.018514 seconds
Number of updated asset objects reloaded before import = 0
Number of asset objects unloaded after import = 21
========================================================================
Received Import Request.
  Time since last request: 0.689291 seconds.
  path: Assets/Samples/Immersal SDK/2.0.2/Core Samples/Prefabs/Navigation/Navigation Target.prefab
  artifactKey: Guid(42eb4d1475376514cba38965b11157f1) Importer(815301076,1909f56bfc062723c751e8b465ee728b)
Start importing Assets/Samples/Immersal SDK/2.0.2/Core Samples/Prefabs/Navigation/Navigation Target.prefab using Guid(42eb4d1475376514cba38965b11157f1) Importer(815301076,1909f56bfc062723c751e8b465ee728b)  -> (artifact id: '250d61689ee39db0f56f07456379d8d1') in 0.293453 seconds
Number of updated asset objects reloaded before import = 0
Number of asset objects unloaded after import = 30
========================================================================
Received Import Request.
  Time since last request: 3.446185 seconds.
  path: Assets/Samples/Immersal SDK/2.0.2/Core Samples/Prefabs/Util/Pose Indicator.prefab
  artifactKey: Guid(3957475b83c974a208d245721185ae5c) Importer(815301076,1909f56bfc062723c751e8b465ee728b)
Start importing Assets/Samples/Immersal SDK/2.0.2/Core Samples/Prefabs/Util/Pose Indicator.prefab using Guid(3957475b83c974a208d245721185ae5c) Importer(815301076,1909f56bfc062723c751e8b465ee728b)  -> (artifact id: '946118fb58af9673efcd00dde4ede816') in 0.003266 seconds
Number of updated asset objects reloaded before import = 0
Number of asset objects unloaded after import = 11
========================================================================
Received Import Request.
  Time since last request: 0.617372 seconds.
  path: Assets/Samples/Immersal SDK/2.0.2/Core Samples/Prefabs/Util/PoseDebug.prefab
  artifactKey: Guid(36c02ccb28050da44b1aa47fe7e32f6a) Importer(815301076,1909f56bfc062723c751e8b465ee728b)
Start importing Assets/Samples/Immersal SDK/2.0.2/Core Samples/Prefabs/Util/PoseDebug.prefab using Guid(36c02ccb28050da44b1aa47fe7e32f6a) Importer(815301076,1909f56bfc062723c751e8b465ee728b)  -> (artifact id: '41fcbcaa95e09cb34e02d7a3a20be36a') in 0.015235 seconds
Number of updated asset objects reloaded before import = 0
Number of asset objects unloaded after import = 63
========================================================================
Received Import Request.
  Time since last request: 0.575551 seconds.
  path: Assets/Samples/Immersal SDK/2.0.2/Core Samples/Prefabs/Util/Localizer Settings Panel.prefab
  artifactKey: Guid(aabb5de1a11007f4fb8a99ba94339216) Importer(815301076,1909f56bfc062723c751e8b465ee728b)
Start importing Assets/Samples/Immersal SDK/2.0.2/Core Samples/Prefabs/Util/Localizer Settings Panel.prefab using Guid(aabb5de1a11007f4fb8a99ba94339216) Importer(815301076,1909f56bfc062723c751e8b465ee728b)  -> (artifact id: 'e484847bc881a0e99f8cbdb2c9c7e012') in 0.033238 seconds
Number of updated asset objects reloaded before import = 0
Number of asset objects unloaded after import = 214
========================================================================
Received Import Request.
  Time since last request: 18.858760 seconds.
  path: Assets/Samples/Immersal SDK/2.0.2/Core Samples/Materials
  artifactKey: Guid(3015a11d76f52450bb81f94317be90dd) Importer(815301076,1909f56bfc062723c751e8b465ee728b)
Start importing Assets/Samples/Immersal SDK/2.0.2/Core Samples/Materials using Guid(3015a11d76f52450bb81f94317be90dd) Importer(815301076,1909f56bfc062723c751e8b465ee728b)  -> (artifact id: 'ff66d99ed521c9e32730d59320ea6b95') in 0.001610 seconds
Number of updated asset objects reloaded before import = 0
Number of asset objects unloaded after import = 0
========================================================================
Received Import Request.
  Time since last request: 50.131724 seconds.
  path: Assets/ImmersalURPAsset.asset
  artifactKey: Guid(41205c98bf7f5c2418cbfc99094bf263) Importer(815301076,1909f56bfc062723c751e8b465ee728b)
Start importing Assets/ImmersalURPAsset.asset using Guid(41205c98bf7f5c2418cbfc99094bf263) Importer(815301076,1909f56bfc062723c751e8b465ee728b)  -> (artifact id: '6e8f335fa8303e5ac1a557852251aa13') in 0.000880 seconds
Number of updated asset objects reloaded before import = 0
Number of asset objects unloaded after import = 0
========================================================================
Received Import Request.
  Time since last request: 3.714935 seconds.
  path: Assets/Scenes/simple_test1.unity
  artifactKey: Guid(534ecb91ace6ee143b4cd68cb2d1a1a4) Importer(815301076,1909f56bfc062723c751e8b465ee728b)
Start importing Assets/Scenes/simple_test1.unity using Guid(534ecb91ace6ee143b4cd68cb2d1a1a4) Importer(815301076,1909f56bfc062723c751e8b465ee728b)  -> (artifact id: 'a0c707e27c94ca2a8d660e12451ad554') in 0.000459 seconds
Number of updated asset objects reloaded before import = 0
Number of asset objects unloaded after import = 0
